2013/06/01 23:51:09 [error] [exception.CHttpException.404] exception 'CHttpException' with message 'Невозможно обработать запрос "favicon.ico".' in /home/yuriy/www/!framework/web/CWebApplication.php:286
Stack trace:
#0 /home/yuriy/www/!framework/web/CWebApplication.php(141): CWebApplication->runController('favicon.ico')
#1 /home/yuriy/www/!framework/base/CApplication.php(169): CWebApplication->processRequest()
#2 /home/yuriy/www/template.loc/index.php(13): CApplication->run()
#3 {main}
REQUEST_URI=/favicon.ico
---
2013/06/05 14:27:25 [error] [exception.CException] exception 'CException' with message 'Путь CAssetManager.basePath "/home/yuriy/www/template.loc/www/assets" задан неверно. Удостоверьтесь, что директория существует и доступна для записи пользователю, под которым запущен веб-сервер.' in /home/yuriy/www/!framework/web/CAssetManager.php:138
Stack trace:
#0 /home/yuriy/www/!framework/web/CAssetManager.php(123): CAssetManager->setBasePath('/home/yuriy/www...')
#1 /home/yuriy/www/!framework/web/CAssetManager.php(217): CAssetManager->getBasePath()
#2 /home/yuriy/www/template.loc/app/extensions/bootstrap/components/Bootstrap.php(574): CAssetManager->publish('/home/yuriy/www...', false, -1, false)
#3 /home/yuriy/www/template.loc/app/extensions/bootstrap/components/packages.php(12): Bootstrap->getAssetsUrl()
#4 /home/yuriy/www/template.loc/app/extensions/bootstrap/components/Bootstrap.php(153): require('/home/yuriy/www...')
#5 /home/yuriy/www/!framework/base/CModule.php(387): Bootstrap->init()
#6 /home/yuriy/www/template.loc/app/modules/user/UserModule.php(125): CModule->getComponent('bootstrap')
#7 /home/yuriy/www/!framework/base/CModule.php(90): UserModule->init()
#8 /home/yuriy/www/!framework/YiiBase.php(206): CModule->__construct('user', NULL, Array)
#9 /home/yuriy/www/!framework/base/CModule.php(282): YiiBase::createComponent('user.UserModule', 'user', NULL, Array)
#10 /home/yuriy/www/template.loc/app/views/layouts/layout-main.php(40): CModule->getModule('user')
#11 /home/yuriy/www/!framework/web/CBaseController.php(126): require('/home/yuriy/www...')
#12 /home/yuriy/www/!framework/web/CBaseController.php(95): CBaseController->renderInternal('/home/yuriy/www...', Array, true)
#13 /home/yuriy/www/!framework/web/widgets/CContentDecorator.php(76): CBaseController->renderFile('/home/yuriy/www...', Array, true)
#14 /home/yuriy/www/!framework/web/widgets/CContentDecorator.php(54): CContentDecorator->decorate('    <div id="co...')
#15 /home/yuriy/www/!framework/web/widgets/COutputProcessor.php(44): CContentDecorator->processOutput('    <div id="co...')
#16 /home/yuriy/www/!framework/web/CBaseController.php(206): COutputProcessor->run()
#17 /home/yuriy/www/!framework/web/CBaseController.php(300): CBaseController->endWidget('CContentDecorat...')
#18 /home/yuriy/www/template.loc/app/views/layouts/column1.php(6): CBaseController->endContent()
#19 /home/yuriy/www/!framework/web/CBaseController.php(126): require('/home/yuriy/www...')
#20 /home/yuriy/www/!framework/web/CBaseController.php(95): CBaseController->renderInternal('/home/yuriy/www...', Array, true)
#21 /home/yuriy/www/!framework/web/CController.php(784): CBaseController->renderFile('/home/yuriy/www...', Array, true)
#22 /home/yuriy/www/template.loc/app/controllers/SiteController.php(29): CController->render('index')
#23 /home/yuriy/www/!framework/web/actions/CInlineAction.php(49): SiteController->actionIndex()
#24 /home/yuriy/www/!framework/web/CController.php(308): CInlineAction->runWithParams(Array)
#25 /home/yuriy/www/!framework/web/CController.php(286): CController->runAction(Object(CInlineAction))
#26 /home/yuriy/www/!framework/web/CController.php(265): CController->runActionWithFilters(Object(CInlineAction), Array)
#27 /home/yuriy/www/!framework/web/CWebApplication.php(282): CController->run('')
#28 /home/yuriy/www/!framework/web/CWebApplication.php(141): CWebApplication->runController('')
#29 /home/yuriy/www/!framework/base/CApplication.php(169): CWebApplication->processRequest()
#30 /home/yuriy/www/template.loc/www/index.php(15): CApplication->run()
#31 {main}
REQUEST_URI=/
---
2013/06/05 14:27:25 [error] [exception.CHttpException.404] exception 'CHttpException' with message 'Невозможно обработать запрос "favicon.ico".' in /home/yuriy/www/!framework/web/CWebApplication.php:286
Stack trace:
#0 /home/yuriy/www/!framework/web/CWebApplication.php(141): CWebApplication->runController('favicon.ico')
#1 /home/yuriy/www/!framework/base/CApplication.php(169): CWebApplication->processRequest()
#2 /home/yuriy/www/template.loc/www/index.php(15): CApplication->run()
#3 {main}
REQUEST_URI=/favicon.ico
---
2013/06/05 14:34:50 [error] [exception.CHttpException.404] exception 'CHttpException' with message 'Невозможно обработать запрос "favicon.ico".' in /home/yuriy/www/!framework/web/CWebApplication.php:286
Stack trace:
#0 /home/yuriy/www/!framework/web/CWebApplication.php(141): CWebApplication->runController('favicon.ico')
#1 /home/yuriy/www/!framework/base/CApplication.php(169): CWebApplication->processRequest()
#2 /home/yuriy/www/template.loc/www/index.php(15): CApplication->run()
#3 {main}
REQUEST_URI=/favicon.ico
---
2013/06/05 14:40:08 [error] [exception.CHttpException.403] exception 'CHttpException' in /home/yuriy/www/template.loc/app/modules/admin/AdminModule.php:15
Stack trace:
#0 /home/yuriy/www/!framework/web/CController.php(263): AdminModule->beforeControllerAction(Object(DefaultController), Object(CInlineAction))
#1 /home/yuriy/www/!framework/web/CWebApplication.php(282): CController->run('')
#2 /home/yuriy/www/!framework/web/CWebApplication.php(141): CWebApplication->runController('admin')
#3 /home/yuriy/www/!framework/base/CApplication.php(169): CWebApplication->processRequest()
#4 /home/yuriy/www/template.loc/www/index.php(15): CApplication->run()
#5 {main}
REQUEST_URI=/admin
---
2013/06/05 14:40:08 [error] [exception.CHttpException.404] exception 'CHttpException' with message 'Невозможно обработать запрос "favicon.ico".' in /home/yuriy/www/!framework/web/CWebApplication.php:286
Stack trace:
#0 /home/yuriy/www/!framework/web/CWebApplication.php(141): CWebApplication->runController('favicon.ico')
#1 /home/yuriy/www/!framework/base/CApplication.php(169): CWebApplication->processRequest()
#2 /home/yuriy/www/template.loc/www/index.php(15): CApplication->run()
#3 {main}
REQUEST_URI=/favicon.ico
---
2013/06/05 14:40:10 [error] [exception.CHttpException.404] exception 'CHttpException' with message 'Невозможно обработать запрос "favicon.ico".' in /home/yuriy/www/!framework/web/CWebApplication.php:286
Stack trace:
#0 /home/yuriy/www/!framework/web/CWebApplication.php(141): CWebApplication->runController('favicon.ico')
#1 /home/yuriy/www/!framework/base/CApplication.php(169): CWebApplication->processRequest()
#2 /home/yuriy/www/template.loc/www/index.php(15): CApplication->run()
#3 {main}
REQUEST_URI=/favicon.ico
---
2013/06/05 14:40:13 [error] [system.db.CDbCommand] Не удалось выполнить CDbCommand::fetchAll(): SQLSTATE[42S02]: Base table or view not found: 1146 Table 'template.users' doesn't exist. Выполнявшийся SQL-запрос: SHOW FULL COLUMNS FROM `users`.
in /home/yuriy/www/template.loc/app/modules/user/models/User.php (31)
in /home/yuriy/www/template.loc/app/modules/user/components/UserIdentity.php (26)
in /home/yuriy/www/template.loc/app/modules/user/models/UserLogin.php (48)
2013/06/05 14:40:13 [error] [exception.CDbException] exception 'CDbException' with message 'Таблица "users", упомянутая в записи active record класса "User", не найдена в базе данных.' in /home/yuriy/www/!framework/db/ar/CActiveRecord.php:2310
Stack trace:
#0 /home/yuriy/www/!framework/db/ar/CActiveRecord.php(387): CActiveRecordMetaData->__construct(Object(User))
#1 /home/yuriy/www/template.loc/app/modules/user/models/User.php(31): CActiveRecord::model('User')
#2 /home/yuriy/www/template.loc/app/modules/user/components/UserIdentity.php(26): User::model()
#3 /home/yuriy/www/template.loc/app/modules/user/models/UserLogin.php(48): UserIdentity->authenticate()
#4 /home/yuriy/www/!framework/validators/CInlineValidator.php(42): UserLogin->authenticate('password', Array)
#5 /home/yuriy/www/!framework/validators/CValidator.php(213): CInlineValidator->validateAttribute(Object(UserLogin), 'password')
#6 /home/yuriy/www/!framework/base/CModel.php(159): CValidator->validate(Object(UserLogin), NULL)
#7 /home/yuriy/www/template.loc/app/modules/user/controllers/LoginController.php(16): CModel->validate()
#8 /home/yuriy/www/!framework/web/actions/CInlineAction.php(49): LoginController->actionLogin()
#9 /home/yuriy/www/!framework/web/CController.php(308): CInlineAction->runWithParams(Array)
#10 /home/yuriy/www/!framework/web/CController.php(286): CController->runAction(Object(CInlineAction))
#11 /home/yuriy/www/!framework/web/CController.php(265): CController->runActionWithFilters(Object(CInlineAction), Array)
#12 /home/yuriy/www/!framework/web/CWebApplication.php(282): CController->run('')
#13 /home/yuriy/www/!framework/web/CWebApplication.php(141): CWebApplication->runController('user/login')
#14 /home/yuriy/www/!framework/base/CApplication.php(169): CWebApplication->processRequest()
#15 /home/yuriy/www/template.loc/www/index.php(15): CApplication->run()
#16 {main}
REQUEST_URI=/user/login
HTTP_REFERER=http://template.loc/user/login
---
2013/06/05 14:40:13 [error] [exception.CHttpException.404] exception 'CHttpException' with message 'Невозможно обработать запрос "favicon.ico".' in /home/yuriy/www/!framework/web/CWebApplication.php:286
Stack trace:
#0 /home/yuriy/www/!framework/web/CWebApplication.php(141): CWebApplication->runController('favicon.ico')
#1 /home/yuriy/www/!framework/base/CApplication.php(169): CWebApplication->processRequest()
#2 /home/yuriy/www/template.loc/www/index.php(15): CApplication->run()
#3 {main}
REQUEST_URI=/favicon.ico
---
2013/06/05 14:40:58 [error] [exception.CHttpException.404] exception 'CHttpException' with message 'Невозможно обработать запрос "favicon.ico".' in /home/yuriy/www/!framework/web/CWebApplication.php:286
Stack trace:
#0 /home/yuriy/www/!framework/web/CWebApplication.php(141): CWebApplication->runController('favicon.ico')
#1 /home/yuriy/www/!framework/base/CApplication.php(169): CWebApplication->processRequest()
#2 /home/yuriy/www/template.loc/www/index.php(15): CApplication->run()
#3 {main}
REQUEST_URI=/favicon.ico
---
2013/06/05 14:41:01 [error] [exception.CHttpException.404] exception 'CHttpException' with message 'Невозможно обработать запрос "images/favicon.ico".' in /home/yuriy/www/!framework/web/CWebApplication.php:286
Stack trace:
#0 /home/yuriy/www/!framework/web/CWebApplication.php(141): CWebApplication->runController('images/favicon....')
#1 /home/yuriy/www/!framework/base/CApplication.php(169): CWebApplication->processRequest()
#2 /home/yuriy/www/template.loc/www/index.php(15): CApplication->run()
#3 {main}
REQUEST_URI=/images/favicon.ico
---
2013/06/05 14:41:06 [error] [exception.CHttpException.404] exception 'CHttpException' with message 'Невозможно обработать запрос "images/favicon.ico".' in /home/yuriy/www/!framework/web/CWebApplication.php:286
Stack trace:
#0 /home/yuriy/www/!framework/web/CWebApplication.php(141): CWebApplication->runController('images/favicon....')
#1 /home/yuriy/www/!framework/base/CApplication.php(169): CWebApplication->processRequest()
#2 /home/yuriy/www/template.loc/www/index.php(15): CApplication->run()
#3 {main}
REQUEST_URI=/images/favicon.ico
---
2013/06/05 14:41:08 [error] [exception.CHttpException.404] exception 'CHttpException' with message 'Невозможно обработать запрос "images/favicon.ico".' in /home/yuriy/www/!framework/web/CWebApplication.php:286
Stack trace:
#0 /home/yuriy/www/!framework/web/CWebApplication.php(141): CWebApplication->runController('images/favicon....')
#1 /home/yuriy/www/!framework/base/CApplication.php(169): CWebApplication->processRequest()
#2 /home/yuriy/www/template.loc/www/index.php(15): CApplication->run()
#3 {main}
REQUEST_URI=/images/favicon.ico
---
2013/06/05 14:41:10 [error] [exception.CHttpException.404] exception 'CHttpException' with message 'Невозможно обработать запрос "images/favicon.ico".' in /home/yuriy/www/!framework/web/CWebApplication.php:286
Stack trace:
#0 /home/yuriy/www/!framework/web/CWebApplication.php(141): CWebApplication->runController('images/favicon....')
#1 /home/yuriy/www/!framework/base/CApplication.php(169): CWebApplication->processRequest()
#2 /home/yuriy/www/template.loc/www/index.php(15): CApplication->run()
#3 {main}
REQUEST_URI=/images/favicon.ico
---
2013/06/05 14:51:03 [error] [exception.CHttpException.404] exception 'CHttpException' with message 'Невозможно обработать запрос "images/favicon.ico".' in /home/yuriy/www/!framework/web/CWebApplication.php:286
Stack trace:
#0 /home/yuriy/www/!framework/web/CWebApplication.php(141): CWebApplication->runController('images/favicon....')
#1 /home/yuriy/www/!framework/base/CApplication.php(169): CWebApplication->processRequest()
#2 /home/yuriy/www/template.loc/www/index.php(17): CApplication->run()
#3 {main}
REQUEST_URI=/images/favicon.ico
---
2013/06/05 14:51:32 [error] [exception.CHttpException.404] exception 'CHttpException' with message 'Невозможно обработать запрос "images/favicon.ico".' in /home/yuriy/www/!framework/web/CWebApplication.php:286
Stack trace:
#0 /home/yuriy/www/!framework/web/CWebApplication.php(141): CWebApplication->runController('images/favicon....')
#1 /home/yuriy/www/!framework/base/CApplication.php(169): CWebApplication->processRequest()
#2 /home/yuriy/www/template.loc/www/index.php(17): CApplication->run()
#3 {main}
REQUEST_URI=/images/favicon.ico
---
2013/06/05 14:52:15 [error] [exception.CHttpException.404] exception 'CHttpException' with message 'Невозможно обработать запрос "images/favicon.ico".' in /home/yuriy/www/!framework/web/CWebApplication.php:286
Stack trace:
#0 /home/yuriy/www/!framework/web/CWebApplication.php(141): CWebApplication->runController('images/favicon....')
#1 /home/yuriy/www/!framework/base/CApplication.php(169): CWebApplication->processRequest()
#2 /home/yuriy/www/template.loc/www/index.php(17): CApplication->run()
#3 {main}
REQUEST_URI=/images/favicon.ico
---
2013/06/05 14:52:24 [error] [exception.CHttpException.404] exception 'CHttpException' with message 'Невозможно обработать запрос "images/favicon.ico".' in /home/yuriy/www/!framework/web/CWebApplication.php:286
Stack trace:
#0 /home/yuriy/www/!framework/web/CWebApplication.php(141): CWebApplication->runController('images/favicon....')
#1 /home/yuriy/www/!framework/base/CApplication.php(169): CWebApplication->processRequest()
#2 /home/yuriy/www/template.loc/www/index.php(17): CApplication->run()
#3 {main}
REQUEST_URI=/images/favicon.ico
---
2013/06/05 16:51:57 [error] [exception.CException] exception 'CException' with message 'Не определено свойство "CDbCache.connectionId".' in /home/yuriy/www/!framework/base/CComponent.php:173
Stack trace:
#0 /home/yuriy/www/!framework/YiiBase.php(220): CComponent->__set('connectionId', 'db')
#1 /home/yuriy/www/!framework/base/CModule.php(386): YiiBase::createComponent(Array)
#2 /home/yuriy/www/!framework/web/CUrlManager.php(216): CModule->getComponent('cache')
#3 /home/yuriy/www/!framework/web/CUrlManager.php(206): CUrlManager->processRules()
#4 /home/yuriy/www/!framework/base/CModule.php(387): CUrlManager->init()
#5 /home/yuriy/www/!framework/base/CApplication.php(510): CModule->getComponent('urlManager')
#6 /home/yuriy/www/!framework/web/CWebApplication.php(140): CApplication->getUrlManager()
#7 /home/yuriy/www/!framework/base/CApplication.php(169): CWebApplication->processRequest()
#8 /home/yuriy/www/template.loc/www/index.php(17): CApplication->run()
#9 {main}
REQUEST_URI=/
---
2013/06/05 16:51:57 [error] [exception.CException] exception 'CException' with message 'Не определено свойство "CDbCache.connectionId".' in /home/yuriy/www/!framework/base/CComponent.php:173
Stack trace:
#0 /home/yuriy/www/!framework/YiiBase.php(220): CComponent->__set('connectionId', 'db')
#1 /home/yuriy/www/!framework/base/CModule.php(386): YiiBase::createComponent(Array)
#2 /home/yuriy/www/!framework/web/CUrlManager.php(216): CModule->getComponent('cache')
#3 /home/yuriy/www/!framework/web/CUrlManager.php(206): CUrlManager->processRules()
#4 /home/yuriy/www/!framework/base/CModule.php(387): CUrlManager->init()
#5 /home/yuriy/www/!framework/base/CApplication.php(510): CModule->getComponent('urlManager')
#6 /home/yuriy/www/!framework/web/CWebApplication.php(140): CApplication->getUrlManager()
#7 /home/yuriy/www/!framework/base/CApplication.php(169): CWebApplication->processRequest()
#8 /home/yuriy/www/template.loc/www/index.php(17): CApplication->run()
#9 {main}
REQUEST_URI=/favicon.ico
---
2013/06/05 16:52:23 [error] [system.db.CDbCommand] Не удалось выполнить CDbCommand::execute(): SQLSTATE[42S02]: Base table or view not found: 1146 Table 'template.YiiCache' doesn't exist. Выполнявшийся SQL-запрос: DELETE FROM YiiCache WHERE expire>0 AND expire<1370436743.
in /home/yuriy/www/template.loc/www/index.php (17)
2013/06/05 16:52:24 [error] [exception.CHttpException.404] exception 'CHttpException' with message 'Невозможно обработать запрос "favicon.ico".' in /home/yuriy/www/!framework/web/CWebApplication.php:286
Stack trace:
#0 /home/yuriy/www/!framework/web/CWebApplication.php(141): CWebApplication->runController('favicon.ico')
#1 /home/yuriy/www/!framework/base/CApplication.php(169): CWebApplication->processRequest()
#2 /home/yuriy/www/template.loc/www/index.php(17): CApplication->run()
#3 {main}
REQUEST_URI=/favicon.ico
---
2013/06/05 16:52:25 [error] [exception.CHttpException.404] exception 'CHttpException' with message 'Невозможно обработать запрос "favicon.ico".' in /home/yuriy/www/!framework/web/CWebApplication.php:286
Stack trace:
#0 /home/yuriy/www/!framework/web/CWebApplication.php(141): CWebApplication->runController('favicon.ico')
#1 /home/yuriy/www/!framework/base/CApplication.php(169): CWebApplication->processRequest()
#2 /home/yuriy/www/template.loc/www/index.php(17): CApplication->run()
#3 {main}
REQUEST_URI=/favicon.ico
---
2013/06/05 16:52:29 [error] [exception.CHttpException.404] exception 'CHttpException' with message 'Невозможно обработать запрос "favicon.ico".' in /home/yuriy/www/!framework/web/CWebApplication.php:286
Stack trace:
#0 /home/yuriy/www/!framework/web/CWebApplication.php(141): CWebApplication->runController('favicon.ico')
#1 /home/yuriy/www/!framework/base/CApplication.php(169): CWebApplication->processRequest()
#2 /home/yuriy/www/template.loc/www/index.php(17): CApplication->run()
#3 {main}
REQUEST_URI=/favicon.ico
---
2013/06/05 16:52:32 [error] [exception.CHttpException.404] exception 'CHttpException' with message 'Невозможно обработать запрос "images/favicon.ico".' in /home/yuriy/www/!framework/web/CWebApplication.php:286
Stack trace:
#0 /home/yuriy/www/!framework/web/CWebApplication.php(141): CWebApplication->runController('images/favicon....')
#1 /home/yuriy/www/!framework/base/CApplication.php(169): CWebApplication->processRequest()
#2 /home/yuriy/www/template.loc/www/index.php(17): CApplication->run()
#3 {main}
REQUEST_URI=/images/favicon.ico
---
2013/06/05 17:04:19 [error] [exception.CHttpException.404] exception 'CHttpException' with message 'Невозможно обработать запрос "favicon.ico".' in /home/yuriy/www/!framework/web/CWebApplication.php:286
Stack trace:
#0 /home/yuriy/www/!framework/web/CWebApplication.php(141): CWebApplication->runController('favicon.ico')
#1 /home/yuriy/www/!framework/base/CApplication.php(169): CWebApplication->processRequest()
#2 /home/yuriy/www/template.loc/www/index.php(17): CApplication->run()
#3 {main}
REQUEST_URI=/favicon.ico
---
2013/06/05 17:04:45 [error] [exception.CHttpException.404] exception 'CHttpException' with message 'Невозможно обработать запрос "favicon.ico".' in /home/yuriy/www/!framework/web/CWebApplication.php:286
Stack trace:
#0 /home/yuriy/www/!framework/web/CWebApplication.php(141): CWebApplication->runController('favicon.ico')
#1 /home/yuriy/www/!framework/base/CApplication.php(169): CWebApplication->processRequest()
#2 /home/yuriy/www/template.loc/www/index.php(17): CApplication->run()
#3 {main}
REQUEST_URI=/favicon.ico
---
2013/06/05 17:04:46 [error] [exception.CHttpException.404] exception 'CHttpException' with message 'Невозможно обработать запрос "favicon.ico".' in /home/yuriy/www/!framework/web/CWebApplication.php:286
Stack trace:
#0 /home/yuriy/www/!framework/web/CWebApplication.php(141): CWebApplication->runController('favicon.ico')
#1 /home/yuriy/www/!framework/base/CApplication.php(169): CWebApplication->processRequest()
#2 /home/yuriy/www/template.loc/www/index.php(17): CApplication->run()
#3 {main}
REQUEST_URI=/favicon.ico
---
2013/06/06 07:21:12 [error] [exception.CHttpException.404] exception 'CHttpException' with message 'Невозможно обработать запрос "favicon.ico".' in /home/yuriy/www/!framework/web/CWebApplication.php:286
Stack trace:
#0 /home/yuriy/www/!framework/web/CWebApplication.php(141): CWebApplication->runController('favicon.ico')
#1 /home/yuriy/www/!framework/base/CApplication.php(169): CWebApplication->processRequest()
#2 /home/yuriy/www/template.loc/www/index.php(17): CApplication->run()
#3 {main}
REQUEST_URI=/favicon.ico
---
2013/06/06 07:33:37 [error] [exception.CHttpException.404] exception 'CHttpException' with message 'Невозможно обработать запрос "favicon.ico".' in /home/yuriy/www/!framework/web/CWebApplication.php:286
Stack trace:
#0 /home/yuriy/www/!framework/web/CWebApplication.php(141): CWebApplication->runController('favicon.ico')
#1 /home/yuriy/www/!framework/base/CApplication.php(169): CWebApplication->processRequest()
#2 /home/yuriy/www/template.loc/www/index.php(17): CApplication->run()
#3 {main}
REQUEST_URI=/favicon.ico
---
2013/06/06 07:34:47 [error] [exception.CHttpException.404] exception 'CHttpException' with message 'Невозможно обработать запрос "favicon.ico".' in /home/yuriy/www/!framework/web/CWebApplication.php:286
Stack trace:
#0 /home/yuriy/www/!framework/web/CWebApplication.php(141): CWebApplication->runController('favicon.ico')
#1 /home/yuriy/www/!framework/base/CApplication.php(169): CWebApplication->processRequest()
#2 /home/yuriy/www/template.loc/www/index.php(17): CApplication->run()
#3 {main}
REQUEST_URI=/favicon.ico
---
2013/06/06 07:47:08 [error] [php] Object of class NLSClientScript could not be converted to string (/home/yuriy/www/template.loc/app/views/site/index.php:21)
Stack trace:
#0 /home/yuriy/www/!framework/web/CController.php(869): SiteController->renderFile()
#1 /home/yuriy/www/!framework/web/CController.php(782): SiteController->renderPartial()
#2 /home/yuriy/www/template.loc/app/controllers/SiteController.php(29): SiteController->render()
#3 /home/yuriy/www/!framework/web/actions/CInlineAction.php(49): SiteController->actionIndex()
#4 /home/yuriy/www/!framework/web/CController.php(308): CInlineAction->runWithParams()
#5 /home/yuriy/www/!framework/web/CController.php(286): SiteController->runAction()
#6 /home/yuriy/www/!framework/web/CController.php(265): SiteController->runActionWithFilters()
#7 /home/yuriy/www/!framework/web/CWebApplication.php(282): SiteController->run()
#8 /home/yuriy/www/!framework/web/CWebApplication.php(141): CWebApplication->runController()
#9 /home/yuriy/www/!framework/base/CApplication.php(169): CWebApplication->processRequest()
#10 /home/yuriy/www/template.loc/www/index.php(17): CWebApplication->run()
REQUEST_URI=/
in /home/yuriy/www/template.loc/app/views/site/index.php (21)
in /home/yuriy/www/template.loc/app/controllers/SiteController.php (29)
in /home/yuriy/www/template.loc/www/index.php (17)
2013/06/06 07:47:09 [error] [exception.CHttpException.404] exception 'CHttpException' with message 'Невозможно обработать запрос "favicon.ico".' in /home/yuriy/www/!framework/web/CWebApplication.php:286
Stack trace:
#0 /home/yuriy/www/!framework/web/CWebApplication.php(141): CWebApplication->runController('favicon.ico')
#1 /home/yuriy/www/!framework/base/CApplication.php(169): CWebApplication->processRequest()
#2 /home/yuriy/www/template.loc/www/index.php(17): CApplication->run()
#3 {main}
REQUEST_URI=/favicon.ico
---
2013/06/06 07:47:22 [error] [exception.CHttpException.404] exception 'CHttpException' with message 'Невозможно обработать запрос "favicon.ico".' in /home/yuriy/www/!framework/web/CWebApplication.php:286
Stack trace:
#0 /home/yuriy/www/!framework/web/CWebApplication.php(141): CWebApplication->runController('favicon.ico')
#1 /home/yuriy/www/!framework/base/CApplication.php(169): CWebApplication->processRequest()
#2 /home/yuriy/www/template.loc/www/index.php(17): CApplication->run()
#3 {main}
REQUEST_URI=/favicon.ico
---
2013/06/06 07:58:02 [error] [exception.CHttpException.404] exception 'CHttpException' with message 'Невозможно обработать запрос "favicon.ico".' in /home/yuriy/www/!framework/web/CWebApplication.php:286
Stack trace:
#0 /home/yuriy/www/!framework/web/CWebApplication.php(141): CWebApplication->runController('favicon.ico')
#1 /home/yuriy/www/!framework/base/CApplication.php(169): CWebApplication->processRequest()
#2 /home/yuriy/www/template.loc/www/index.php(17): CApplication->run()
#3 {main}
REQUEST_URI=/favicon.ico
---
2013/06/06 07:59:04 [error] [exception.CHttpException.404] exception 'CHttpException' with message 'Невозможно обработать запрос "favicon.ico".' in /home/yuriy/www/!framework/web/CWebApplication.php:286
Stack trace:
#0 /home/yuriy/www/!framework/web/CWebApplication.php(141): CWebApplication->runController('favicon.ico')
#1 /home/yuriy/www/!framework/base/CApplication.php(169): CWebApplication->processRequest()
#2 /home/yuriy/www/template.loc/www/index.php(17): CApplication->run()
#3 {main}
REQUEST_URI=/favicon.ico
---
2013/06/06 08:55:32 [error] [exception.CHttpException.404] exception 'CHttpException' with message 'Невозможно обработать запрос "favicon.ico".' in /home/yuriy/www/!framework/web/CWebApplication.php:286
Stack trace:
#0 /home/yuriy/www/!framework/web/CWebApplication.php(141): CWebApplication->runController('favicon.ico')
#1 /home/yuriy/www/!framework/base/CApplication.php(169): CWebApplication->processRequest()
#2 /home/yuriy/www/template.loc/www/index.php(17): CApplication->run()
#3 {main}
REQUEST_URI=/favicon.ico
---
2013/06/06 08:55:34 [error] [exception.CHttpException.404] exception 'CHttpException' with message 'Невозможно обработать запрос "favicon.ico".' in /home/yuriy/www/!framework/web/CWebApplication.php:286
Stack trace:
#0 /home/yuriy/www/!framework/web/CWebApplication.php(141): CWebApplication->runController('favicon.ico')
#1 /home/yuriy/www/!framework/base/CApplication.php(169): CWebApplication->processRequest()
#2 /home/yuriy/www/template.loc/www/index.php(17): CApplication->run()
#3 {main}
REQUEST_URI=/favicon.ico
---
2013/06/06 08:55:35 [error] [exception.CHttpException.404] exception 'CHttpException' with message 'Невозможно обработать запрос "favicon.ico".' in /home/yuriy/www/!framework/web/CWebApplication.php:286
Stack trace:
#0 /home/yuriy/www/!framework/web/CWebApplication.php(141): CWebApplication->runController('favicon.ico')
#1 /home/yuriy/www/!framework/base/CApplication.php(169): CWebApplication->processRequest()
#2 /home/yuriy/www/template.loc/www/index.php(17): CApplication->run()
#3 {main}
REQUEST_URI=/favicon.ico
---
2013/06/06 08:55:35 [error] [exception.CHttpException.404] exception 'CHttpException' with message 'Невозможно обработать запрос "favicon.ico".' in /home/yuriy/www/!framework/web/CWebApplication.php:286
Stack trace:
#0 /home/yuriy/www/!framework/web/CWebApplication.php(141): CWebApplication->runController('favicon.ico')
#1 /home/yuriy/www/!framework/base/CApplication.php(169): CWebApplication->processRequest()
#2 /home/yuriy/www/template.loc/www/index.php(17): CApplication->run()
#3 {main}
REQUEST_URI=/favicon.ico
---
2013/06/06 11:25:46 [error] [exception.CHttpException.404] exception 'CHttpException' with message 'Невозможно обработать запрос "favicon.ico".' in /home/yuriy/www/!framework/web/CWebApplication.php:286
Stack trace:
#0 /home/yuriy/www/!framework/web/CWebApplication.php(141): CWebApplication->runController('favicon.ico')
#1 /home/yuriy/www/!framework/base/CApplication.php(169): CWebApplication->processRequest()
#2 /home/yuriy/www/template.loc/www/index.php(17): CApplication->run()
#3 {main}
REQUEST_URI=/favicon.ico
---
2013/06/06 12:38:58 [error] [exception.CHttpException.404] exception 'CHttpException' with message 'Невозможно обработать запрос "favicon.ico".' in /home/yuriy/www/!framework/web/CWebApplication.php:286
Stack trace:
#0 /home/yuriy/www/!framework/web/CWebApplication.php(141): CWebApplication->runController('favicon.ico')
#1 /home/yuriy/www/!framework/base/CApplication.php(169): CWebApplication->processRequest()
#2 /home/yuriy/www/template.loc/www/index.php(17): CApplication->run()
#3 {main}
REQUEST_URI=/favicon.ico
---
2013/06/09 18:59:23 [error] [exception.CHttpException.404] exception 'CHttpException' with message 'Невозможно обработать запрос "favicon.ico".' in /home/yuriy/www/!framework/web/CWebApplication.php:286
Stack trace:
#0 /home/yuriy/www/!framework/web/CWebApplication.php(141): CWebApplication->runController('favicon.ico')
#1 /home/yuriy/www/!framework/base/CApplication.php(169): CWebApplication->processRequest()
#2 /home/yuriy/www/template.loc/www/index.php(17): CApplication->run()
#3 {main}
REQUEST_URI=/favicon.ico
---
2013/06/09 18:59:24 [error] [exception.CHttpException.404] exception 'CHttpException' with message 'Невозможно обработать запрос "favicon.ico".' in /home/yuriy/www/!framework/web/CWebApplication.php:286
Stack trace:
#0 /home/yuriy/www/!framework/web/CWebApplication.php(141): CWebApplication->runController('favicon.ico')
#1 /home/yuriy/www/!framework/base/CApplication.php(169): CWebApplication->processRequest()
#2 /home/yuriy/www/template.loc/www/index.php(17): CApplication->run()
#3 {main}
REQUEST_URI=/favicon.ico
---
2013/06/09 18:59:30 [error] [exception.CHttpException.404] exception 'CHttpException' with message 'Невозможно обработать запрос "favicon.ico".' in /home/yuriy/www/!framework/web/CWebApplication.php:286
Stack trace:
#0 /home/yuriy/www/!framework/web/CWebApplication.php(141): CWebApplication->runController('favicon.ico')
#1 /home/yuriy/www/!framework/base/CApplication.php(169): CWebApplication->processRequest()
#2 /home/yuriy/www/template.loc/www/index.php(17): CApplication->run()
#3 {main}
REQUEST_URI=/favicon.ico
---
2013/06/09 18:59:33 [error] [exception.CHttpException.404] exception 'CHttpException' with message 'Невозможно обработать запрос "images/favicon.ico".' in /home/yuriy/www/!framework/web/CWebApplication.php:286
Stack trace:
#0 /home/yuriy/www/!framework/web/CWebApplication.php(141): CWebApplication->runController('images/favicon....')
#1 /home/yuriy/www/!framework/base/CApplication.php(169): CWebApplication->processRequest()
#2 /home/yuriy/www/template.loc/www/index.php(17): CApplication->run()
#3 {main}
REQUEST_URI=/images/favicon.ico
---
2013/06/09 18:59:35 [error] [exception.CHttpException.404] exception 'CHttpException' with message 'Невозможно обработать запрос "images/favicon.ico".' in /home/yuriy/www/!framework/web/CWebApplication.php:286
Stack trace:
#0 /home/yuriy/www/!framework/web/CWebApplication.php(141): CWebApplication->runController('images/favicon....')
#1 /home/yuriy/www/!framework/base/CApplication.php(169): CWebApplication->processRequest()
#2 /home/yuriy/www/template.loc/www/index.php(17): CApplication->run()
#3 {main}
REQUEST_URI=/images/favicon.ico
---
2013/06/09 19:00:38 [error] [exception.CHttpException.404] exception 'CHttpException' with message 'Невозможно обработать запрос "images/favicon.ico".' in /home/yuriy/www/!framework/web/CWebApplication.php:286
Stack trace:
#0 /home/yuriy/www/!framework/web/CWebApplication.php(141): CWebApplication->runController('images/favicon....')
#1 /home/yuriy/www/!framework/base/CApplication.php(169): CWebApplication->processRequest()
#2 /home/yuriy/www/template.loc/www/index.php(17): CApplication->run()
#3 {main}
REQUEST_URI=/images/favicon.ico
---
2013/06/09 19:03:27 [error] [exception.CHttpException.404] exception 'CHttpException' with message 'Невозможно обработать запрос "images/favicon.ico".' in /home/yuriy/www/!framework/web/CWebApplication.php:286
Stack trace:
#0 /home/yuriy/www/!framework/web/CWebApplication.php(141): CWebApplication->runController('images/favicon....')
#1 /home/yuriy/www/!framework/base/CApplication.php(169): CWebApplication->processRequest()
#2 /home/yuriy/www/template.loc/www/index.php(17): CApplication->run()
#3 {main}
REQUEST_URI=/images/favicon.ico
---
2013/06/09 19:04:06 [error] [exception.CHttpException.404] exception 'CHttpException' with message 'Невозможно обработать запрос "images/favicon.ico".' in /home/yuriy/www/!framework/web/CWebApplication.php:286
Stack trace:
#0 /home/yuriy/www/!framework/web/CWebApplication.php(141): CWebApplication->runController('images/favicon....')
#1 /home/yuriy/www/!framework/base/CApplication.php(169): CWebApplication->processRequest()
#2 /home/yuriy/www/template.loc/www/index.php(17): CApplication->run()
#3 {main}
REQUEST_URI=/images/favicon.ico
---
2013/06/09 19:04:08 [error] [exception.CHttpException.404] exception 'CHttpException' with message 'Невозможно обработать запрос "images/favicon.ico".' in /home/yuriy/www/!framework/web/CWebApplication.php:286
Stack trace:
#0 /home/yuriy/www/!framework/web/CWebApplication.php(141): CWebApplication->runController('images/favicon....')
#1 /home/yuriy/www/!framework/base/CApplication.php(169): CWebApplication->processRequest()
#2 /home/yuriy/www/template.loc/www/index.php(17): CApplication->run()
#3 {main}
REQUEST_URI=/images/favicon.ico
---
2013/06/09 19:06:15 [error] [exception.CHttpException.404] exception 'CHttpException' with message 'Невозможно обработать запрос "images/favicon.ico".' in /home/yuriy/www/!framework/web/CWebApplication.php:286
Stack trace:
#0 /home/yuriy/www/!framework/web/CWebApplication.php(141): CWebApplication->runController('images/favicon....')
#1 /home/yuriy/www/!framework/base/CApplication.php(169): CWebApplication->processRequest()
#2 /home/yuriy/www/template.loc/www/index.php(17): CApplication->run()
#3 {main}
REQUEST_URI=/images/favicon.ico
---
2013/06/09 19:08:07 [error] [exception.CHttpException.404] exception 'CHttpException' with message 'Невозможно обработать запрос "images/favicon.ico".' in /home/yuriy/www/!framework/web/CWebApplication.php:286
Stack trace:
#0 /home/yuriy/www/!framework/web/CWebApplication.php(141): CWebApplication->runController('images/favicon....')
#1 /home/yuriy/www/!framework/base/CApplication.php(169): CWebApplication->processRequest()
#2 /home/yuriy/www/template.loc/www/index.php(17): CApplication->run()
#3 {main}
REQUEST_URI=/images/favicon.ico
---
2013/06/09 19:08:59 [error] [exception.CHttpException.404] exception 'CHttpException' with message 'Невозможно обработать запрос "images/favicon.ico".' in /home/yuriy/www/!framework/web/CWebApplication.php:286
Stack trace:
#0 /home/yuriy/www/!framework/web/CWebApplication.php(141): CWebApplication->runController('images/favicon....')
#1 /home/yuriy/www/!framework/base/CApplication.php(169): CWebApplication->processRequest()
#2 /home/yuriy/www/template.loc/www/index.php(17): CApplication->run()
#3 {main}
REQUEST_URI=/images/favicon.ico
---
2013/06/09 19:11:21 [error] [exception.CHttpException.404] exception 'CHttpException' with message 'Невозможно обработать запрос "images/favicon.ico".' in /home/yuriy/www/!framework/web/CWebApplication.php:286
Stack trace:
#0 /home/yuriy/www/!framework/web/CWebApplication.php(141): CWebApplication->runController('images/favicon....')
#1 /home/yuriy/www/!framework/base/CApplication.php(169): CWebApplication->processRequest()
#2 /home/yuriy/www/template.loc/www/index.php(17): CApplication->run()
#3 {main}
REQUEST_URI=/images/favicon.ico
---
2013/06/09 19:11:23 [error] [exception.CHttpException.404] exception 'CHttpException' with message 'Невозможно обработать запрос "images/favicon.ico".' in /home/yuriy/www/!framework/web/CWebApplication.php:286
Stack trace:
#0 /home/yuriy/www/!framework/web/CWebApplication.php(141): CWebApplication->runController('images/favicon....')
#1 /home/yuriy/www/!framework/base/CApplication.php(169): CWebApplication->processRequest()
#2 /home/yuriy/www/template.loc/www/index.php(17): CApplication->run()
#3 {main}
REQUEST_URI=/images/favicon.ico
---
2013/06/09 19:12:18 [error] [exception.CHttpException.404] exception 'CHttpException' with message 'Невозможно обработать запрос "images/favicon.ico".' in /home/yuriy/www/!framework/web/CWebApplication.php:286
Stack trace:
#0 /home/yuriy/www/!framework/web/CWebApplication.php(141): CWebApplication->runController('images/favicon....')
#1 /home/yuriy/www/!framework/base/CApplication.php(169): CWebApplication->processRequest()
#2 /home/yuriy/www/template.loc/www/index.php(17): CApplication->run()
#3 {main}
REQUEST_URI=/images/favicon.ico
---
2013/06/09 19:12:26 [error] [exception.CHttpException.404] exception 'CHttpException' with message 'Невозможно обработать запрос "images/favicon.ico".' in /home/yuriy/www/!framework/web/CWebApplication.php:286
Stack trace:
#0 /home/yuriy/www/!framework/web/CWebApplication.php(141): CWebApplication->runController('images/favicon....')
#1 /home/yuriy/www/!framework/base/CApplication.php(169): CWebApplication->processRequest()
#2 /home/yuriy/www/template.loc/www/index.php(17): CApplication->run()
#3 {main}
REQUEST_URI=/images/favicon.ico
---
2013/06/09 19:16:44 [error] [exception.CHttpException.404] exception 'CHttpException' with message 'Невозможно обработать запрос "images/favicon.ico".' in /home/yuriy/www/!framework/web/CWebApplication.php:286
Stack trace:
#0 /home/yuriy/www/!framework/web/CWebApplication.php(141): CWebApplication->runController('images/favicon....')
#1 /home/yuriy/www/!framework/base/CApplication.php(169): CWebApplication->processRequest()
#2 /home/yuriy/www/template.loc/www/index.php(17): CApplication->run()
#3 {main}
REQUEST_URI=/images/favicon.ico
---
2013/06/09 19:17:00 [error] [exception.CHttpException.404] exception 'CHttpException' with message 'Невозможно обработать запрос "images/favicon.ico".' in /home/yuriy/www/!framework/web/CWebApplication.php:286
Stack trace:
#0 /home/yuriy/www/!framework/web/CWebApplication.php(141): CWebApplication->runController('images/favicon....')
#1 /home/yuriy/www/!framework/base/CApplication.php(169): CWebApplication->processRequest()
#2 /home/yuriy/www/template.loc/www/index.php(17): CApplication->run()
#3 {main}
REQUEST_URI=/images/favicon.ico
---
2013/06/09 19:17:31 [error] [exception.CHttpException.404] exception 'CHttpException' with message 'Невозможно обработать запрос "images/favicon.ico".' in /home/yuriy/www/!framework/web/CWebApplication.php:286
Stack trace:
#0 /home/yuriy/www/!framework/web/CWebApplication.php(141): CWebApplication->runController('images/favicon....')
#1 /home/yuriy/www/!framework/base/CApplication.php(169): CWebApplication->processRequest()
#2 /home/yuriy/www/template.loc/www/index.php(17): CApplication->run()
#3 {main}
REQUEST_URI=/images/favicon.ico
---
2013/06/09 19:17:55 [error] [exception.CHttpException.404] exception 'CHttpException' with message 'Невозможно обработать запрос "images/favicon.ico".' in /home/yuriy/www/!framework/web/CWebApplication.php:286
Stack trace:
#0 /home/yuriy/www/!framework/web/CWebApplication.php(141): CWebApplication->runController('images/favicon....')
#1 /home/yuriy/www/!framework/base/CApplication.php(169): CWebApplication->processRequest()
#2 /home/yuriy/www/template.loc/www/index.php(17): CApplication->run()
#3 {main}
REQUEST_URI=/images/favicon.ico
---
2013/06/09 19:19:36 [error] [exception.CHttpException.404] exception 'CHttpException' with message 'Невозможно обработать запрос "images/favicon.ico".' in /home/yuriy/www/!framework/web/CWebApplication.php:286
Stack trace:
#0 /home/yuriy/www/!framework/web/CWebApplication.php(141): CWebApplication->runController('images/favicon....')
#1 /home/yuriy/www/!framework/base/CApplication.php(169): CWebApplication->processRequest()
#2 /home/yuriy/www/template.loc/www/index.php(17): CApplication->run()
#3 {main}
REQUEST_URI=/images/favicon.ico
---
2013/06/09 19:20:04 [error] [exception.CHttpException.404] exception 'CHttpException' with message 'Невозможно обработать запрос "images/favicon.ico".' in /home/yuriy/www/!framework/web/CWebApplication.php:286
Stack trace:
#0 /home/yuriy/www/!framework/web/CWebApplication.php(141): CWebApplication->runController('images/favicon....')
#1 /home/yuriy/www/!framework/base/CApplication.php(169): CWebApplication->processRequest()
#2 /home/yuriy/www/template.loc/www/index.php(17): CApplication->run()
#3 {main}
REQUEST_URI=/images/favicon.ico
---
2013/06/09 19:20:53 [error] [exception.CHttpException.404] exception 'CHttpException' with message 'Невозможно обработать запрос "images/favicon.ico".' in /home/yuriy/www/!framework/web/CWebApplication.php:286
Stack trace:
#0 /home/yuriy/www/!framework/web/CWebApplication.php(141): CWebApplication->runController('images/favicon....')
#1 /home/yuriy/www/!framework/base/CApplication.php(169): CWebApplication->processRequest()
#2 /home/yuriy/www/template.loc/www/index.php(17): CApplication->run()
#3 {main}
REQUEST_URI=/images/favicon.ico
---
2013/06/09 19:21:31 [error] [exception.CHttpException.404] exception 'CHttpException' with message 'Невозможно обработать запрос "images/favicon.ico".' in /home/yuriy/www/!framework/web/CWebApplication.php:286
Stack trace:
#0 /home/yuriy/www/!framework/web/CWebApplication.php(141): CWebApplication->runController('images/favicon....')
#1 /home/yuriy/www/!framework/base/CApplication.php(169): CWebApplication->processRequest()
#2 /home/yuriy/www/template.loc/www/index.php(17): CApplication->run()
#3 {main}
REQUEST_URI=/images/favicon.ico
---
2013/06/09 19:26:22 [error] [exception.CHttpException.404] exception 'CHttpException' with message 'Невозможно обработать запрос "images/favicon.ico".' in /home/yuriy/www/!framework/web/CWebApplication.php:286
Stack trace:
#0 /home/yuriy/www/!framework/web/CWebApplication.php(141): CWebApplication->runController('images/favicon....')
#1 /home/yuriy/www/!framework/base/CApplication.php(169): CWebApplication->processRequest()
#2 /home/yuriy/www/template.loc/www/index.php(17): CApplication->run()
#3 {main}
REQUEST_URI=/images/favicon.ico
---
2013/06/09 19:27:03 [error] [exception.CHttpException.404] exception 'CHttpException' with message 'Невозможно обработать запрос "images/favicon.ico".' in /home/yuriy/www/!framework/web/CWebApplication.php:286
Stack trace:
#0 /home/yuriy/www/!framework/web/CWebApplication.php(141): CWebApplication->runController('images/favicon....')
#1 /home/yuriy/www/!framework/base/CApplication.php(169): CWebApplication->processRequest()
#2 /home/yuriy/www/template.loc/www/index.php(17): CApplication->run()
#3 {main}
REQUEST_URI=/images/favicon.ico
---
2013/06/09 19:27:18 [error] [exception.CHttpException.404] exception 'CHttpException' with message 'Невозможно обработать запрос "images/favicon.ico".' in /home/yuriy/www/!framework/web/CWebApplication.php:286
Stack trace:
#0 /home/yuriy/www/!framework/web/CWebApplication.php(141): CWebApplication->runController('images/favicon....')
#1 /home/yuriy/www/!framework/base/CApplication.php(169): CWebApplication->processRequest()
#2 /home/yuriy/www/template.loc/www/index.php(17): CApplication->run()
#3 {main}
REQUEST_URI=/images/favicon.ico
---
2013/06/09 19:27:21 [error] [exception.CHttpException.404] exception 'CHttpException' with message 'Невозможно обработать запрос "images/favicon.ico".' in /home/yuriy/www/!framework/web/CWebApplication.php:286
Stack trace:
#0 /home/yuriy/www/!framework/web/CWebApplication.php(141): CWebApplication->runController('images/favicon....')
#1 /home/yuriy/www/!framework/base/CApplication.php(169): CWebApplication->processRequest()
#2 /home/yuriy/www/template.loc/www/index.php(17): CApplication->run()
#3 {main}
REQUEST_URI=/images/favicon.ico
---
2013/06/09 19:27:23 [error] [exception.CHttpException.404] exception 'CHttpException' with message 'Невозможно обработать запрос "images/favicon.ico".' in /home/yuriy/www/!framework/web/CWebApplication.php:286
Stack trace:
#0 /home/yuriy/www/!framework/web/CWebApplication.php(141): CWebApplication->runController('images/favicon....')
#1 /home/yuriy/www/!framework/base/CApplication.php(169): CWebApplication->processRequest()
#2 /home/yuriy/www/template.loc/www/index.php(17): CApplication->run()
#3 {main}
REQUEST_URI=/images/favicon.ico
---
2013/06/09 19:27:25 [error] [exception.CHttpException.404] exception 'CHttpException' with message 'Невозможно обработать запрос "images/favicon.ico".' in /home/yuriy/www/!framework/web/CWebApplication.php:286
Stack trace:
#0 /home/yuriy/www/!framework/web/CWebApplication.php(141): CWebApplication->runController('images/favicon....')
#1 /home/yuriy/www/!framework/base/CApplication.php(169): CWebApplication->processRequest()
#2 /home/yuriy/www/template.loc/www/index.php(17): CApplication->run()
#3 {main}
REQUEST_URI=/images/favicon.ico
---
2013/06/09 19:27:28 [error] [exception.CHttpException.404] exception 'CHttpException' with message 'Невозможно обработать запрос "assets/47f33b2f/js/form.js".' in /home/yuriy/www/!framework/web/CWebApplication.php:286
Stack trace:
#0 /home/yuriy/www/!framework/web/CWebApplication.php(141): CWebApplication->runController('assets/47f33b2f...')
#1 /home/yuriy/www/!framework/base/CApplication.php(169): CWebApplication->processRequest()
#2 /home/yuriy/www/template.loc/www/index.php(17): CApplication->run()
#3 {main}
REQUEST_URI=/assets/47f33b2f/js/form.js
HTTP_REFERER=http://template.loc/user/profileField/create
---
2013/06/09 19:27:28 [error] [exception.CHttpException.404] exception 'CHttpException' with message 'Невозможно обработать запрос "images/favicon.ico".' in /home/yuriy/www/!framework/web/CWebApplication.php:286
Stack trace:
#0 /home/yuriy/www/!framework/web/CWebApplication.php(141): CWebApplication->runController('images/favicon....')
#1 /home/yuriy/www/!framework/base/CApplication.php(169): CWebApplication->processRequest()
#2 /home/yuriy/www/template.loc/www/index.php(17): CApplication->run()
#3 {main}
REQUEST_URI=/images/favicon.ico
---
2013/06/09 19:27:32 [error] [exception.CHttpException.404] exception 'CHttpException' with message 'Невозможно обработать запрос "images/favicon.ico".' in /home/yuriy/www/!framework/web/CWebApplication.php:286
Stack trace:
#0 /home/yuriy/www/!framework/web/CWebApplication.php(141): CWebApplication->runController('images/favicon....')
#1 /home/yuriy/www/!framework/base/CApplication.php(169): CWebApplication->processRequest()
#2 /home/yuriy/www/template.loc/www/index.php(17): CApplication->run()
#3 {main}
REQUEST_URI=/images/favicon.ico
---
2013/06/09 19:27:34 [error] [exception.CHttpException.404] exception 'CHttpException' with message 'Невозможно обработать запрос "favicon.ico".' in /home/yuriy/www/!framework/web/CWebApplication.php:286
Stack trace:
#0 /home/yuriy/www/!framework/web/CWebApplication.php(141): CWebApplication->runController('favicon.ico')
#1 /home/yuriy/www/!framework/base/CApplication.php(169): CWebApplication->processRequest()
#2 /home/yuriy/www/template.loc/www/index.php(17): CApplication->run()
#3 {main}
REQUEST_URI=/favicon.ico
---
2013/06/09 19:27:37 [error] [exception.CHttpException.404] exception 'CHttpException' with message 'Невозможно обработать запрос "images/favicon.ico".' in /home/yuriy/www/!framework/web/CWebApplication.php:286
Stack trace:
#0 /home/yuriy/www/!framework/web/CWebApplication.php(141): CWebApplication->runController('images/favicon....')
#1 /home/yuriy/www/!framework/base/CApplication.php(169): CWebApplication->processRequest()
#2 /home/yuriy/www/template.loc/www/index.php(17): CApplication->run()
#3 {main}
REQUEST_URI=/images/favicon.ico
---
2013/06/09 19:27:40 [error] [exception.CHttpException.404] exception 'CHttpException' with message 'Невозможно обработать запрос "images/favicon.ico".' in /home/yuriy/www/!framework/web/CWebApplication.php:286
Stack trace:
#0 /home/yuriy/www/!framework/web/CWebApplication.php(141): CWebApplication->runController('images/favicon....')
#1 /home/yuriy/www/!framework/base/CApplication.php(169): CWebApplication->processRequest()
#2 /home/yuriy/www/template.loc/www/index.php(17): CApplication->run()
#3 {main}
REQUEST_URI=/images/favicon.ico
---
2013/06/09 19:28:24 [error] [exception.CHttpException.404] exception 'CHttpException' with message 'Невозможно обработать запрос "images/favicon.ico".' in /home/yuriy/www/!framework/web/CWebApplication.php:286
Stack trace:
#0 /home/yuriy/www/!framework/web/CWebApplication.php(141): CWebApplication->runController('images/favicon....')
#1 /home/yuriy/www/!framework/base/CApplication.php(169): CWebApplication->processRequest()
#2 /home/yuriy/www/template.loc/www/index.php(17): CApplication->run()
#3 {main}
REQUEST_URI=/images/favicon.ico
---
2013/06/09 19:32:48 [error] [exception.CHttpException.404] exception 'CHttpException' with message 'Невозможно обработать запрос "images/favicon.ico".' in /home/yuriy/www/!framework/web/CWebApplication.php:286
Stack trace:
#0 /home/yuriy/www/!framework/web/CWebApplication.php(141): CWebApplication->runController('images/favicon....')
#1 /home/yuriy/www/!framework/base/CApplication.php(169): CWebApplication->processRequest()
#2 /home/yuriy/www/template.loc/www/index.php(17): CApplication->run()
#3 {main}
REQUEST_URI=/images/favicon.ico
---
2013/06/09 19:32:52 [error] [exception.CHttpException.404] exception 'CHttpException' with message 'Невозможно обработать запрос "images/favicon.ico".' in /home/yuriy/www/!framework/web/CWebApplication.php:286
Stack trace:
#0 /home/yuriy/www/!framework/web/CWebApplication.php(141): CWebApplication->runController('images/favicon....')
#1 /home/yuriy/www/!framework/base/CApplication.php(169): CWebApplication->processRequest()
#2 /home/yuriy/www/template.loc/www/index.php(17): CApplication->run()
#3 {main}
REQUEST_URI=/images/favicon.ico
---
2013/06/09 19:33:00 [error] [exception.CHttpException.404] exception 'CHttpException' with message 'Невозможно обработать запрос "images/favicon.ico".' in /home/yuriy/www/!framework/web/CWebApplication.php:286
Stack trace:
#0 /home/yuriy/www/!framework/web/CWebApplication.php(141): CWebApplication->runController('images/favicon....')
#1 /home/yuriy/www/!framework/base/CApplication.php(169): CWebApplication->processRequest()
#2 /home/yuriy/www/template.loc/www/index.php(17): CApplication->run()
#3 {main}
REQUEST_URI=/images/favicon.ico
---
2013/06/09 19:33:13 [error] [exception.CHttpException.404] exception 'CHttpException' with message 'Невозможно обработать запрос "images/favicon.ico".' in /home/yuriy/www/!framework/web/CWebApplication.php:286
Stack trace:
#0 /home/yuriy/www/!framework/web/CWebApplication.php(141): CWebApplication->runController('images/favicon....')
#1 /home/yuriy/www/!framework/base/CApplication.php(169): CWebApplication->processRequest()
#2 /home/yuriy/www/template.loc/www/index.php(17): CApplication->run()
#3 {main}
REQUEST_URI=/images/favicon.ico
---
2013/06/09 19:33:39 [error] [exception.CHttpException.404] exception 'CHttpException' with message 'Невозможно обработать запрос "assets/47f33b2f/js/form.js".' in /home/yuriy/www/!framework/web/CWebApplication.php:286
Stack trace:
#0 /home/yuriy/www/!framework/web/CWebApplication.php(141): CWebApplication->runController('assets/47f33b2f...')
#1 /home/yuriy/www/!framework/base/CApplication.php(169): CWebApplication->processRequest()
#2 /home/yuriy/www/template.loc/www/index.php(17): CApplication->run()
#3 {main}
REQUEST_URI=/assets/47f33b2f/js/form.js
HTTP_REFERER=http://template.loc/user/profileField/create
---
2013/06/09 19:33:39 [error] [exception.CHttpException.404] exception 'CHttpException' with message 'Невозможно обработать запрос "images/favicon.ico".' in /home/yuriy/www/!framework/web/CWebApplication.php:286
Stack trace:
#0 /home/yuriy/www/!framework/web/CWebApplication.php(141): CWebApplication->runController('images/favicon....')
#1 /home/yuriy/www/!framework/base/CApplication.php(169): CWebApplication->processRequest()
#2 /home/yuriy/www/template.loc/www/index.php(17): CApplication->run()
#3 {main}
REQUEST_URI=/images/favicon.ico
---
2013/06/09 19:37:07 [error] [exception.CHttpException.404] exception 'CHttpException' with message 'Невозможно обработать запрос "assets/47f33b2f/js/form.js".' in /home/yuriy/www/!framework/web/CWebApplication.php:286
Stack trace:
#0 /home/yuriy/www/!framework/web/CWebApplication.php(141): CWebApplication->runController('assets/47f33b2f...')
#1 /home/yuriy/www/!framework/base/CApplication.php(169): CWebApplication->processRequest()
#2 /home/yuriy/www/template.loc/www/index.php(17): CApplication->run()
#3 {main}
REQUEST_URI=/assets/47f33b2f/js/form.js
HTTP_REFERER=http://template.loc/user/profileField/create
---
2013/06/09 19:37:07 [error] [exception.CHttpException.404] exception 'CHttpException' with message 'Невозможно обработать запрос "images/favicon.ico".' in /home/yuriy/www/!framework/web/CWebApplication.php:286
Stack trace:
#0 /home/yuriy/www/!framework/web/CWebApplication.php(141): CWebApplication->runController('images/favicon....')
#1 /home/yuriy/www/!framework/base/CApplication.php(169): CWebApplication->processRequest()
#2 /home/yuriy/www/template.loc/www/index.php(17): CApplication->run()
#3 {main}
REQUEST_URI=/images/favicon.ico
---
2013/06/09 19:38:37 [error] [exception.CHttpException.404] exception 'CHttpException' with message 'Невозможно обработать запрос "images/favicon.ico".' in /home/yuriy/www/!framework/web/CWebApplication.php:286
Stack trace:
#0 /home/yuriy/www/!framework/web/CWebApplication.php(141): CWebApplication->runController('images/favicon....')
#1 /home/yuriy/www/!framework/base/CApplication.php(169): CWebApplication->processRequest()
#2 /home/yuriy/www/template.loc/www/index.php(17): CApplication->run()
#3 {main}
REQUEST_URI=/images/favicon.ico
---
2013/06/09 19:38:40 [error] [exception.CHttpException.404] exception 'CHttpException' with message 'Невозможно обработать запрос "assets/47f33b2f/js/form.js".' in /home/yuriy/www/!framework/web/CWebApplication.php:286
Stack trace:
#0 /home/yuriy/www/!framework/web/CWebApplication.php(141): CWebApplication->runController('assets/47f33b2f...')
#1 /home/yuriy/www/!framework/base/CApplication.php(169): CWebApplication->processRequest()
#2 /home/yuriy/www/template.loc/www/index.php(17): CApplication->run()
#3 {main}
REQUEST_URI=/assets/47f33b2f/js/form.js
HTTP_REFERER=http://template.loc/user/profileField/create
---
2013/06/09 19:38:40 [error] [exception.CHttpException.404] exception 'CHttpException' with message 'Невозможно обработать запрос "images/favicon.ico".' in /home/yuriy/www/!framework/web/CWebApplication.php:286
Stack trace:
#0 /home/yuriy/www/!framework/web/CWebApplication.php(141): CWebApplication->runController('images/favicon....')
#1 /home/yuriy/www/!framework/base/CApplication.php(169): CWebApplication->processRequest()
#2 /home/yuriy/www/template.loc/www/index.php(17): CApplication->run()
#3 {main}
REQUEST_URI=/images/favicon.ico
---
2013/06/09 19:39:11 [error] [exception.CHttpException.404] exception 'CHttpException' with message 'Невозможно обработать запрос "assets/47f33b2f/js/form.js".' in /home/yuriy/www/!framework/web/CWebApplication.php:286
Stack trace:
#0 /home/yuriy/www/!framework/web/CWebApplication.php(141): CWebApplication->runController('assets/47f33b2f...')
#1 /home/yuriy/www/!framework/base/CApplication.php(169): CWebApplication->processRequest()
#2 /home/yuriy/www/template.loc/www/index.php(17): CApplication->run()
#3 {main}
REQUEST_URI=/assets/47f33b2f/js/form.js
HTTP_REFERER=http://template.loc/user/profileField/create
---
2013/06/09 19:39:11 [error] [exception.CHttpException.404] exception 'CHttpException' with message 'Невозможно обработать запрос "images/favicon.ico".' in /home/yuriy/www/!framework/web/CWebApplication.php:286
Stack trace:
#0 /home/yuriy/www/!framework/web/CWebApplication.php(141): CWebApplication->runController('images/favicon....')
#1 /home/yuriy/www/!framework/base/CApplication.php(169): CWebApplication->processRequest()
#2 /home/yuriy/www/template.loc/www/index.php(17): CApplication->run()
#3 {main}
REQUEST_URI=/images/favicon.ico
---
2013/06/09 19:40:11 [error] [exception.CHttpException.404] exception 'CHttpException' with message 'Невозможно обработать запрос "assets/47f33b2f/js/form.js".' in /home/yuriy/www/!framework/web/CWebApplication.php:286
Stack trace:
#0 /home/yuriy/www/!framework/web/CWebApplication.php(141): CWebApplication->runController('assets/47f33b2f...')
#1 /home/yuriy/www/!framework/base/CApplication.php(169): CWebApplication->processRequest()
#2 /home/yuriy/www/template.loc/www/index.php(17): CApplication->run()
#3 {main}
REQUEST_URI=/assets/47f33b2f/js/form.js
HTTP_REFERER=http://template.loc/user/profileField/create
---
2013/06/09 19:40:12 [error] [exception.CHttpException.404] exception 'CHttpException' with message 'Невозможно обработать запрос "images/favicon.ico".' in /home/yuriy/www/!framework/web/CWebApplication.php:286
Stack trace:
#0 /home/yuriy/www/!framework/web/CWebApplication.php(141): CWebApplication->runController('images/favicon....')
#1 /home/yuriy/www/!framework/base/CApplication.php(169): CWebApplication->processRequest()
#2 /home/yuriy/www/template.loc/www/index.php(17): CApplication->run()
#3 {main}
REQUEST_URI=/images/favicon.ico
---
2013/06/09 19:42:25 [error] [exception.CHttpException.404] exception 'CHttpException' with message 'Невозможно обработать запрос "assets/47f33b2f/js/form.js".' in /home/yuriy/www/!framework/web/CWebApplication.php:286
Stack trace:
#0 /home/yuriy/www/!framework/web/CWebApplication.php(141): CWebApplication->runController('assets/47f33b2f...')
#1 /home/yuriy/www/!framework/base/CApplication.php(169): CWebApplication->processRequest()
#2 /home/yuriy/www/template.loc/www/index.php(17): CApplication->run()
#3 {main}
REQUEST_URI=/assets/47f33b2f/js/form.js
HTTP_REFERER=http://template.loc/user/profileField/create
---
2013/06/09 19:42:25 [error] [exception.CHttpException.404] exception 'CHttpException' with message 'Невозможно обработать запрос "images/favicon.ico".' in /home/yuriy/www/!framework/web/CWebApplication.php:286
Stack trace:
#0 /home/yuriy/www/!framework/web/CWebApplication.php(141): CWebApplication->runController('images/favicon....')
#1 /home/yuriy/www/!framework/base/CApplication.php(169): CWebApplication->processRequest()
#2 /home/yuriy/www/template.loc/www/index.php(17): CApplication->run()
#3 {main}
REQUEST_URI=/images/favicon.ico
---
2013/06/09 19:43:20 [error] [exception.CHttpException.404] exception 'CHttpException' with message 'Невозможно обработать запрос "assets/47f33b2f/js/form.js".' in /home/yuriy/www/!framework/web/CWebApplication.php:286
Stack trace:
#0 /home/yuriy/www/!framework/web/CWebApplication.php(141): CWebApplication->runController('assets/47f33b2f...')
#1 /home/yuriy/www/!framework/base/CApplication.php(169): CWebApplication->processRequest()
#2 /home/yuriy/www/template.loc/www/index.php(17): CApplication->run()
#3 {main}
REQUEST_URI=/assets/47f33b2f/js/form.js
HTTP_REFERER=http://template.loc/user/profileField/create
---
2013/06/09 19:43:20 [error] [exception.CHttpException.404] exception 'CHttpException' with message 'Невозможно обработать запрос "images/favicon.ico".' in /home/yuriy/www/!framework/web/CWebApplication.php:286
Stack trace:
#0 /home/yuriy/www/!framework/web/CWebApplication.php(141): CWebApplication->runController('images/favicon....')
#1 /home/yuriy/www/!framework/base/CApplication.php(169): CWebApplication->processRequest()
#2 /home/yuriy/www/template.loc/www/index.php(17): CApplication->run()
#3 {main}
REQUEST_URI=/images/favicon.ico
---
2013/06/09 19:44:24 [error] [exception.CHttpException.404] exception 'CHttpException' with message 'Невозможно обработать запрос "images/favicon.ico".' in /home/yuriy/www/!framework/web/CWebApplication.php:286
Stack trace:
#0 /home/yuriy/www/!framework/web/CWebApplication.php(141): CWebApplication->runController('images/favicon....')
#1 /home/yuriy/www/!framework/base/CApplication.php(169): CWebApplication->processRequest()
#2 /home/yuriy/www/template.loc/www/index.php(17): CApplication->run()
#3 {main}
REQUEST_URI=/images/favicon.ico
---
2013/06/09 19:44:28 [error] [exception.CHttpException.404] exception 'CHttpException' with message 'Невозможно обработать запрос "images/favicon.ico".' in /home/yuriy/www/!framework/web/CWebApplication.php:286
Stack trace:
#0 /home/yuriy/www/!framework/web/CWebApplication.php(141): CWebApplication->runController('images/favicon....')
#1 /home/yuriy/www/!framework/base/CApplication.php(169): CWebApplication->processRequest()
#2 /home/yuriy/www/template.loc/www/index.php(17): CApplication->run()
#3 {main}
REQUEST_URI=/images/favicon.ico
---
2013/06/09 19:44:30 [error] [exception.CHttpException.404] exception 'CHttpException' with message 'Невозможно обработать запрос "assets/47f33b2f/js/form.js".' in /home/yuriy/www/!framework/web/CWebApplication.php:286
Stack trace:
#0 /home/yuriy/www/!framework/web/CWebApplication.php(141): CWebApplication->runController('assets/47f33b2f...')
#1 /home/yuriy/www/!framework/base/CApplication.php(169): CWebApplication->processRequest()
#2 /home/yuriy/www/template.loc/www/index.php(17): CApplication->run()
#3 {main}
REQUEST_URI=/assets/47f33b2f/js/form.js
HTTP_REFERER=http://template.loc/user/profileField/update/id/2
---
2013/06/09 19:44:30 [error] [exception.CHttpException.404] exception 'CHttpException' with message 'Невозможно обработать запрос "images/favicon.ico".' in /home/yuriy/www/!framework/web/CWebApplication.php:286
Stack trace:
#0 /home/yuriy/www/!framework/web/CWebApplication.php(141): CWebApplication->runController('images/favicon....')
#1 /home/yuriy/www/!framework/base/CApplication.php(169): CWebApplication->processRequest()
#2 /home/yuriy/www/template.loc/www/index.php(17): CApplication->run()
#3 {main}
REQUEST_URI=/images/favicon.ico
---
2013/06/09 19:44:36 [error] [exception.CHttpException.404] exception 'CHttpException' with message 'Невозможно обработать запрос "images/favicon.ico".' in /home/yuriy/www/!framework/web/CWebApplication.php:286
Stack trace:
#0 /home/yuriy/www/!framework/web/CWebApplication.php(141): CWebApplication->runController('images/favicon....')
#1 /home/yuriy/www/!framework/base/CApplication.php(169): CWebApplication->processRequest()
#2 /home/yuriy/www/template.loc/www/index.php(17): CApplication->run()
#3 {main}
REQUEST_URI=/images/favicon.ico
---
2013/06/09 19:45:36 [error] [exception.CHttpException.404] exception 'CHttpException' with message 'Невозможно обработать запрос "images/favicon.ico".' in /home/yuriy/www/!framework/web/CWebApplication.php:286
Stack trace:
#0 /home/yuriy/www/!framework/web/CWebApplication.php(141): CWebApplication->runController('images/favicon....')
#1 /home/yuriy/www/!framework/base/CApplication.php(169): CWebApplication->processRequest()
#2 /home/yuriy/www/template.loc/www/index.php(17): CApplication->run()
#3 {main}
REQUEST_URI=/images/favicon.ico
---
2013/06/09 19:45:45 [error] [exception.CHttpException.404] exception 'CHttpException' with message 'Невозможно обработать запрос "images/favicon.ico".' in /home/yuriy/www/!framework/web/CWebApplication.php:286
Stack trace:
#0 /home/yuriy/www/!framework/web/CWebApplication.php(141): CWebApplication->runController('images/favicon....')
#1 /home/yuriy/www/!framework/base/CApplication.php(169): CWebApplication->processRequest()
#2 /home/yuriy/www/template.loc/www/index.php(17): CApplication->run()
#3 {main}
REQUEST_URI=/images/favicon.ico
---
2013/06/09 19:45:47 [error] [exception.CHttpException.404] exception 'CHttpException' with message 'Невозможно обработать запрос "images/favicon.ico".' in /home/yuriy/www/!framework/web/CWebApplication.php:286
Stack trace:
#0 /home/yuriy/www/!framework/web/CWebApplication.php(141): CWebApplication->runController('images/favicon....')
#1 /home/yuriy/www/!framework/base/CApplication.php(169): CWebApplication->processRequest()
#2 /home/yuriy/www/template.loc/www/index.php(17): CApplication->run()
#3 {main}
REQUEST_URI=/images/favicon.ico
---
2013/06/09 19:46:20 [error] [exception.CHttpException.404] exception 'CHttpException' with message 'Невозможно обработать запрос "images/favicon.ico".' in /home/yuriy/www/!framework/web/CWebApplication.php:286
Stack trace:
#0 /home/yuriy/www/!framework/web/CWebApplication.php(141): CWebApplication->runController('images/favicon....')
#1 /home/yuriy/www/!framework/base/CApplication.php(169): CWebApplication->processRequest()
#2 /home/yuriy/www/template.loc/www/index.php(17): CApplication->run()
#3 {main}
REQUEST_URI=/images/favicon.ico
---
2013/06/09 19:46:34 [error] [exception.CHttpException.404] exception 'CHttpException' with message 'Невозможно обработать запрос "images/favicon.ico".' in /home/yuriy/www/!framework/web/CWebApplication.php:286
Stack trace:
#0 /home/yuriy/www/!framework/web/CWebApplication.php(141): CWebApplication->runController('images/favicon....')
#1 /home/yuriy/www/!framework/base/CApplication.php(169): CWebApplication->processRequest()
#2 /home/yuriy/www/template.loc/www/index.php(17): CApplication->run()
#3 {main}
REQUEST_URI=/images/favicon.ico
---
2013/06/09 19:46:36 [error] [exception.CHttpException.404] exception 'CHttpException' with message 'Невозможно обработать запрос "images/favicon.ico".' in /home/yuriy/www/!framework/web/CWebApplication.php:286
Stack trace:
#0 /home/yuriy/www/!framework/web/CWebApplication.php(141): CWebApplication->runController('images/favicon....')
#1 /home/yuriy/www/!framework/base/CApplication.php(169): CWebApplication->processRequest()
#2 /home/yuriy/www/template.loc/www/index.php(17): CApplication->run()
#3 {main}
REQUEST_URI=/images/favicon.ico
---
2013/06/09 19:46:42 [error] [exception.CHttpException.404] exception 'CHttpException' with message 'Невозможно обработать запрос "favicon.ico".' in /home/yuriy/www/!framework/web/CWebApplication.php:286
Stack trace:
#0 /home/yuriy/www/!framework/web/CWebApplication.php(141): CWebApplication->runController('favicon.ico')
#1 /home/yuriy/www/!framework/base/CApplication.php(169): CWebApplication->processRequest()
#2 /home/yuriy/www/template.loc/www/index.php(17): CApplication->run()
#3 {main}
REQUEST_URI=/favicon.ico
---
2013/06/09 19:46:45 [error] [exception.CHttpException.404] exception 'CHttpException' with message 'Невозможно обработать запрос "images/favicon.ico".' in /home/yuriy/www/!framework/web/CWebApplication.php:286
Stack trace:
#0 /home/yuriy/www/!framework/web/CWebApplication.php(141): CWebApplication->runController('images/favicon....')
#1 /home/yuriy/www/!framework/base/CApplication.php(169): CWebApplication->processRequest()
#2 /home/yuriy/www/template.loc/www/index.php(17): CApplication->run()
#3 {main}
REQUEST_URI=/images/favicon.ico
---
2013/06/09 19:47:42 [error] [exception.CHttpException.404] exception 'CHttpException' with message 'Невозможно обработать запрос "favicon.ico".' in /home/yuriy/www/!framework/web/CWebApplication.php:286
Stack trace:
#0 /home/yuriy/www/!framework/web/CWebApplication.php(141): CWebApplication->runController('favicon.ico')
#1 /home/yuriy/www/!framework/base/CApplication.php(169): CWebApplication->processRequest()
#2 /home/yuriy/www/template.loc/www/index.php(17): CApplication->run()
#3 {main}
REQUEST_URI=/favicon.ico
---
2013/06/09 19:48:23 [error] [exception.CHttpException.404] exception 'CHttpException' with message 'Невозможно обработать запрос "favicon.ico".' in /home/yuriy/www/!framework/web/CWebApplication.php:286
Stack trace:
#0 /home/yuriy/www/!framework/web/CWebApplication.php(141): CWebApplication->runController('favicon.ico')
#1 /home/yuriy/www/!framework/base/CApplication.php(169): CWebApplication->processRequest()
#2 /home/yuriy/www/template.loc/www/index.php(17): CApplication->run()
#3 {main}
REQUEST_URI=/favicon.ico
---
2013/06/09 19:48:25 [error] [exception.CHttpException.404] exception 'CHttpException' with message 'Невозможно обработать запрос "favicon.ico".' in /home/yuriy/www/!framework/web/CWebApplication.php:286
Stack trace:
#0 /home/yuriy/www/!framework/web/CWebApplication.php(141): CWebApplication->runController('favicon.ico')
#1 /home/yuriy/www/!framework/base/CApplication.php(169): CWebApplication->processRequest()
#2 /home/yuriy/www/template.loc/www/index.php(17): CApplication->run()
#3 {main}
REQUEST_URI=/favicon.ico
---
2013/06/09 19:48:29 [error] [exception.CHttpException.404] exception 'CHttpException' with message 'Невозможно обработать запрос "favicon.ico".' in /home/yuriy/www/!framework/web/CWebApplication.php:286
Stack trace:
#0 /home/yuriy/www/!framework/web/CWebApplication.php(141): CWebApplication->runController('favicon.ico')
#1 /home/yuriy/www/!framework/base/CApplication.php(169): CWebApplication->processRequest()
#2 /home/yuriy/www/template.loc/www/index.php(17): CApplication->run()
#3 {main}
REQUEST_URI=/favicon.ico
---
2013/06/09 19:48:39 [error] [exception.CHttpException.404] exception 'CHttpException' with message 'Невозможно обработать запрос "favicon.ico".' in /home/yuriy/www/!framework/web/CWebApplication.php:286
Stack trace:
#0 /home/yuriy/www/!framework/web/CWebApplication.php(141): CWebApplication->runController('favicon.ico')
#1 /home/yuriy/www/!framework/base/CApplication.php(169): CWebApplication->processRequest()
#2 /home/yuriy/www/template.loc/www/index.php(17): CApplication->run()
#3 {main}
REQUEST_URI=/favicon.ico
---
2013/06/09 19:49:02 [error] [exception.CHttpException.404] exception 'CHttpException' with message 'Невозможно обработать запрос "favicon.ico".' in /home/yuriy/www/!framework/web/CWebApplication.php:286
Stack trace:
#0 /home/yuriy/www/!framework/web/CWebApplication.php(141): CWebApplication->runController('favicon.ico')
#1 /home/yuriy/www/!framework/base/CApplication.php(169): CWebApplication->processRequest()
#2 /home/yuriy/www/template.loc/www/index.php(17): CApplication->run()
#3 {main}
REQUEST_URI=/favicon.ico
---
2013/06/09 19:49:06 [error] [exception.CHttpException.404] exception 'CHttpException' with message 'Невозможно обработать запрос "favicon.ico".' in /home/yuriy/www/!framework/web/CWebApplication.php:286
Stack trace:
#0 /home/yuriy/www/!framework/web/CWebApplication.php(141): CWebApplication->runController('favicon.ico')
#1 /home/yuriy/www/!framework/base/CApplication.php(169): CWebApplication->processRequest()
#2 /home/yuriy/www/template.loc/www/index.php(17): CApplication->run()
#3 {main}
REQUEST_URI=/favicon.ico
---
2013/06/09 19:49:07 [error] [exception.CHttpException.404] exception 'CHttpException' with message 'Невозможно обработать запрос "favicon.ico".' in /home/yuriy/www/!framework/web/CWebApplication.php:286
Stack trace:
#0 /home/yuriy/www/!framework/web/CWebApplication.php(141): CWebApplication->runController('favicon.ico')
#1 /home/yuriy/www/!framework/base/CApplication.php(169): CWebApplication->processRequest()
#2 /home/yuriy/www/template.loc/www/index.php(17): CApplication->run()
#3 {main}
REQUEST_URI=/favicon.ico
---
2013/06/09 19:49:07 [error] [exception.CHttpException.404] exception 'CHttpException' with message 'Невозможно обработать запрос "favicon.ico".' in /home/yuriy/www/!framework/web/CWebApplication.php:286
Stack trace:
#0 /home/yuriy/www/!framework/web/CWebApplication.php(141): CWebApplication->runController('favicon.ico')
#1 /home/yuriy/www/!framework/base/CApplication.php(169): CWebApplication->processRequest()
#2 /home/yuriy/www/template.loc/www/index.php(17): CApplication->run()
#3 {main}
REQUEST_URI=/favicon.ico
---
2013/06/09 19:49:26 [error] [exception.CHttpException.404] exception 'CHttpException' with message 'Невозможно обработать запрос "favicon.ico".' in /home/yuriy/www/!framework/web/CWebApplication.php:286
Stack trace:
#0 /home/yuriy/www/!framework/web/CWebApplication.php(141): CWebApplication->runController('favicon.ico')
#1 /home/yuriy/www/!framework/base/CApplication.php(169): CWebApplication->processRequest()
#2 /home/yuriy/www/template.loc/www/index.php(17): CApplication->run()
#3 {main}
REQUEST_URI=/favicon.ico
---
2013/06/09 19:49:27 [error] [exception.CHttpException.404] exception 'CHttpException' with message 'Невозможно обработать запрос "favicon.ico".' in /home/yuriy/www/!framework/web/CWebApplication.php:286
Stack trace:
#0 /home/yuriy/www/!framework/web/CWebApplication.php(141): CWebApplication->runController('favicon.ico')
#1 /home/yuriy/www/!framework/base/CApplication.php(169): CWebApplication->processRequest()
#2 /home/yuriy/www/template.loc/www/index.php(17): CApplication->run()
#3 {main}
REQUEST_URI=/favicon.ico
---
2013/06/09 19:49:27 [error] [exception.CHttpException.404] exception 'CHttpException' with message 'Невозможно обработать запрос "favicon.ico".' in /home/yuriy/www/!framework/web/CWebApplication.php:286
Stack trace:
#0 /home/yuriy/www/!framework/web/CWebApplication.php(141): CWebApplication->runController('favicon.ico')
#1 /home/yuriy/www/!framework/base/CApplication.php(169): CWebApplication->processRequest()
#2 /home/yuriy/www/template.loc/www/index.php(17): CApplication->run()
#3 {main}
REQUEST_URI=/favicon.ico
---
2013/06/09 19:49:54 [error] [exception.CHttpException.404] exception 'CHttpException' with message 'Невозможно обработать запрос "favicon.ico".' in /home/yuriy/www/!framework/web/CWebApplication.php:286
Stack trace:
#0 /home/yuriy/www/!framework/web/CWebApplication.php(141): CWebApplication->runController('favicon.ico')
#1 /home/yuriy/www/!framework/base/CApplication.php(169): CWebApplication->processRequest()
#2 /home/yuriy/www/template.loc/www/index.php(17): CApplication->run()
#3 {main}
REQUEST_URI=/favicon.ico
---
2013/06/09 19:49:56 [error] [exception.CHttpException.404] exception 'CHttpException' with message 'Невозможно обработать запрос "favicon.ico".' in /home/yuriy/www/!framework/web/CWebApplication.php:286
Stack trace:
#0 /home/yuriy/www/!framework/web/CWebApplication.php(141): CWebApplication->runController('favicon.ico')
#1 /home/yuriy/www/!framework/base/CApplication.php(169): CWebApplication->processRequest()
#2 /home/yuriy/www/template.loc/www/index.php(17): CApplication->run()
#3 {main}
REQUEST_URI=/favicon.ico
---
2013/06/09 19:49:56 [error] [exception.CHttpException.404] exception 'CHttpException' with message 'Невозможно обработать запрос "favicon.ico".' in /home/yuriy/www/!framework/web/CWebApplication.php:286
Stack trace:
#0 /home/yuriy/www/!framework/web/CWebApplication.php(141): CWebApplication->runController('favicon.ico')
#1 /home/yuriy/www/!framework/base/CApplication.php(169): CWebApplication->processRequest()
#2 /home/yuriy/www/template.loc/www/index.php(17): CApplication->run()
#3 {main}
REQUEST_URI=/favicon.ico
---
2013/06/09 19:49:59 [error] [exception.CHttpException.404] exception 'CHttpException' with message 'Невозможно обработать запрос "favicon.ico".' in /home/yuriy/www/!framework/web/CWebApplication.php:286
Stack trace:
#0 /home/yuriy/www/!framework/web/CWebApplication.php(141): CWebApplication->runController('favicon.ico')
#1 /home/yuriy/www/!framework/base/CApplication.php(169): CWebApplication->processRequest()
#2 /home/yuriy/www/template.loc/www/index.php(17): CApplication->run()
#3 {main}
REQUEST_URI=/favicon.ico
---
2013/06/09 19:50:00 [error] [exception.CHttpException.404] exception 'CHttpException' with message 'Невозможно обработать запрос "favicon.ico".' in /home/yuriy/www/!framework/web/CWebApplication.php:286
Stack trace:
#0 /home/yuriy/www/!framework/web/CWebApplication.php(141): CWebApplication->runController('favicon.ico')
#1 /home/yuriy/www/!framework/base/CApplication.php(169): CWebApplication->processRequest()
#2 /home/yuriy/www/template.loc/www/index.php(17): CApplication->run()
#3 {main}
REQUEST_URI=/favicon.ico
---
2013/06/09 19:50:05 [error] [exception.CHttpException.404] exception 'CHttpException' with message 'Невозможно обработать запрос "favicon.ico".' in /home/yuriy/www/!framework/web/CWebApplication.php:286
Stack trace:
#0 /home/yuriy/www/!framework/web/CWebApplication.php(141): CWebApplication->runController('favicon.ico')
#1 /home/yuriy/www/!framework/base/CApplication.php(169): CWebApplication->processRequest()
#2 /home/yuriy/www/template.loc/www/index.php(17): CApplication->run()
#3 {main}
REQUEST_URI=/favicon.ico
---
2013/06/09 19:50:39 [error] [exception.CHttpException.404] exception 'CHttpException' with message 'Невозможно обработать запрос "favicon.ico".' in /home/yuriy/www/!framework/web/CWebApplication.php:286
Stack trace:
#0 /home/yuriy/www/!framework/web/CWebApplication.php(141): CWebApplication->runController('favicon.ico')
#1 /home/yuriy/www/!framework/base/CApplication.php(169): CWebApplication->processRequest()
#2 /home/yuriy/www/template.loc/www/index.php(17): CApplication->run()
#3 {main}
REQUEST_URI=/favicon.ico
---
2014/01/06 04:38:59 [error] [system.db.CDbCommand] CDbCommand::fetchAll() failed: SQLSTATE[42S02]: Base table or view not found: 1146 Table 'yiimine.tbl_migration' doesn't exist. The SQL statement executed was: SHOW FULL COLUMNS FROM `tbl_migration`.
2014/01/06 04:47:23 [error] [system.db.CDbCommand] CDbCommand::execute() failed: SQLSTATE[42S22]: Column not found: 1054 Unknown column 'last_project_id' in 'users'. The SQL statement executed was: ALTER TABLE `users` CHANGE `last_project_id` `last_project_id` INT(11) UNSIGNED.
2014/01/06 04:47:23 [error] [exception.CDbException] exception 'CDbException' with message 'CDbCommand failed to execute the SQL statement: SQLSTATE[42S22]: Column not found: 1054 Unknown column 'last_project_id' in 'users'. The SQL statement executed was: ALTER TABLE `users` CHANGE `last_project_id` `last_project_id` INT(11) UNSIGNED' in /home/yuriy/www/!framework/db/CDbCommand.php:358
Stack trace:
#0 /home/yuriy/www/!framework/db/CDbCommand.php(1417): CDbCommand->execute()
#1 /home/yuriy/www/!framework/db/CDbMigration.php(329): CDbCommand->alterColumn('users', 'last_project_id', 'INT(11) UNSIGNE...')
#2 /home/yuriy/www/yiimine.loc/app/migrations/m140106_044020_last_project_id_field.php(7): CDbMigration->alterColumn('users', 'last_project_id', 'INT(11) UNSIGNE...')
#3 /home/yuriy/www/!framework/cli/commands/MigrateCommand.php(385): m140106_044020_last_project_id_field->up()
#4 /home/yuriy/www/!framework/cli/commands/MigrateCommand.php(109): MigrateCommand->migrateUp('m140106_044020_...')
#5 [internal function]: MigrateCommand->actionUp(Array)
#6 /home/yuriy/www/!framework/console/CConsoleCommand.php(172): ReflectionMethod->invokeArgs(Object(MigrateCommand), Array)
#7 /home/yuriy/www/!framework/console/CConsoleCommandRunner.php(71): CConsoleCommand->run(Array)
#8 /home/yuriy/www/!framework/console/CConsoleApplication.php(92): CConsoleCommandRunner->run(Array)
#9 /home/yuriy/www/!framework/base/CApplication.php(180): CConsoleApplication->processRequest()
#10 /home/yuriy/www/!framework/yiic.php(33): CApplication->run()
#11 /home/yuriy/www/yiimine.loc/app/yiic.php(7): require_once('/home/yuriy/www...')
#12 {main}
---
2014/01/09 02:47:47 [error] [system.db.CDbCommand] CDbCommand::fetchAll() failed: SQLSTATE[42S02]: Base table or view not found: 1146 Table 'yiimine.wiki_migration' doesn't exist. The SQL statement executed was: SHOW FULL COLUMNS FROM `wiki_migration`.
2014/01/09 03:52:52 [error] [system.db.CDbCommand] CDbCommand::execute() failed: SQLSTATE[23000]: Integrity constraint violation: 1452 Cannot add or update a child row: a foreign key constraint fails (`yiimine`.`#sql-4ea_60`, CONSTRAINT `fk_project_id5` FOREIGN KEY (`project_id`) REFERENCES `project` (`id`) ON DELETE CASCADE ON UPDATE CASCADE). The SQL statement executed was: ALTER TABLE `wiki_page` ADD CONSTRAINT `fk_project_id5` FOREIGN KEY (`project_id`) REFERENCES `project` (`id`) ON DELETE CASCADE ON UPDATE CASCADE.
2014/01/09 03:52:52 [error] [exception.CDbException] exception 'CDbException' with message 'CDbCommand failed to execute the SQL statement: SQLSTATE[23000]: Integrity constraint violation: 1452 Cannot add or update a child row: a foreign key constraint fails (`yiimine`.`#sql-4ea_60`, CONSTRAINT `fk_project_id5` FOREIGN KEY (`project_id`) REFERENCES `project` (`id`) ON DELETE CASCADE ON UPDATE CASCADE). The SQL statement executed was: ALTER TABLE `wiki_page` ADD CONSTRAINT `fk_project_id5` FOREIGN KEY (`project_id`) REFERENCES `project` (`id`) ON DELETE CASCADE ON UPDATE CASCADE' in /home/yuriy/www/!framework/db/CDbCommand.php:358
Stack trace:
#0 /home/yuriy/www/!framework/db/CDbCommand.php(1435): CDbCommand->execute()
#1 /home/yuriy/www/!framework/db/CDbMigration.php(348): CDbCommand->addForeignKey('fk_project_id5', 'wiki_page', 'project_id', 'project', 'id', 'CASCADE', 'CASCADE')
#2 /home/yuriy/www/yiimine.loc/app/modules/wiki/migrations/m140109_034747_alter_wiki_page.php(8): CDbMigration->addForeignKey('fk_project_id5', 'wiki_page', 'project_id', 'project', 'id', 'CASCADE', 'CASCADE')
#3 /home/yuriy/www/!framework/cli/commands/MigrateCommand.php(385): m140109_034747_alter_wiki_page->up()
#4 /home/yuriy/www/!framework/cli/commands/MigrateCommand.php(109): MigrateCommand->migrateUp('m140109_034747_...')
#5 [internal function]: MigrateCommand->actionUp(Array)
#6 /home/yuriy/www/!framework/console/CConsoleCommand.php(172): ReflectionMethod->invokeArgs(Object(MigrateCommand), Array)
#7 /home/yuriy/www/!framework/console/CConsoleCommandRunner.php(71): CConsoleCommand->run(Array)
#8 /home/yuriy/www/!framework/console/CConsoleApplication.php(92): CConsoleCommandRunner->run(Array)
#9 /home/yuriy/www/!framework/base/CApplication.php(180): CConsoleApplication->processRequest()
#10 /home/yuriy/www/!framework/yiic.php(33): CApplication->run()
#11 /home/yuriy/www/yiimine.loc/app/yiic.php(7): require_once('/home/yuriy/www...')
#12 {main}
---
2014/01/09 03:55:23 [error] [system.db.CDbCommand] CDbCommand::execute() failed: SQLSTATE[23000]: Integrity constraint violation: 1452 Cannot add or update a child row: a foreign key constraint fails (`yiimine`.`#sql-4ea_62`, CONSTRAINT `fk_project_id6` FOREIGN KEY (`project_id`) REFERENCES `project` (`id`) ON DELETE CASCADE ON UPDATE CASCADE). The SQL statement executed was: ALTER TABLE `wiki_page` ADD CONSTRAINT `fk_project_id6` FOREIGN KEY (`project_id`) REFERENCES `project` (`id`) ON DELETE CASCADE ON UPDATE CASCADE.
2014/01/09 03:55:23 [error] [exception.CDbException] exception 'CDbException' with message 'CDbCommand failed to execute the SQL statement: SQLSTATE[23000]: Integrity constraint violation: 1452 Cannot add or update a child row: a foreign key constraint fails (`yiimine`.`#sql-4ea_62`, CONSTRAINT `fk_project_id6` FOREIGN KEY (`project_id`) REFERENCES `project` (`id`) ON DELETE CASCADE ON UPDATE CASCADE). The SQL statement executed was: ALTER TABLE `wiki_page` ADD CONSTRAINT `fk_project_id6` FOREIGN KEY (`project_id`) REFERENCES `project` (`id`) ON DELETE CASCADE ON UPDATE CASCADE' in /home/yuriy/www/!framework/db/CDbCommand.php:358
Stack trace:
#0 /home/yuriy/www/!framework/db/CDbCommand.php(1435): CDbCommand->execute()
#1 /home/yuriy/www/!framework/db/CDbMigration.php(348): CDbCommand->addForeignKey('fk_project_id6', 'wiki_page', 'project_id', 'project', 'id', 'CASCADE', 'CASCADE')
#2 /home/yuriy/www/yiimine.loc/app/modules/wiki/migrations/m140109_034747_alter_wiki_page.php(8): CDbMigration->addForeignKey('fk_project_id6', 'wiki_page', 'project_id', 'project', 'id', 'CASCADE', 'CASCADE')
#3 /home/yuriy/www/!framework/cli/commands/MigrateCommand.php(385): m140109_034747_alter_wiki_page->up()
#4 /home/yuriy/www/!framework/cli/commands/MigrateCommand.php(109): MigrateCommand->migrateUp('m140109_034747_...')
#5 [internal function]: MigrateCommand->actionUp(Array)
#6 /home/yuriy/www/!framework/console/CConsoleCommand.php(172): ReflectionMethod->invokeArgs(Object(MigrateCommand), Array)
#7 /home/yuriy/www/!framework/console/CConsoleCommandRunner.php(71): CConsoleCommand->run(Array)
#8 /home/yuriy/www/!framework/console/CConsoleApplication.php(92): CConsoleCommandRunner->run(Array)
#9 /home/yuriy/www/!framework/base/CApplication.php(180): CConsoleApplication->processRequest()
#10 /home/yuriy/www/!framework/yiic.php(33): CApplication->run()
#11 /home/yuriy/www/yiimine.loc/app/yiic.php(7): require_once('/home/yuriy/www...')
#12 {main}
---
